SF:lib/src/core/service/api/api_service.dart
DA:10,1
DA:11,1
DA:12,1
DA:13,1
DA:15,1
DA:18,1
LF:6
LH:6
end_of_record
SF:lib/src/core/service/api/api_service.chopper.dart
DA:11,1
DA:13,1
DA:19,1
DA:23,1
DA:26,2
DA:28,2
LF:6
LH:6
end_of_record
SF:lib/src/data/models/user/user_model.dart
DA:15,3
DA:16,3
DA:20,1
DA:21,1
DA:22,1
DA:23,1
DA:24,1
LF:7
LH:7
end_of_record
SF:lib/src/data/models/user/user_model.g.dart
DA:9,6
DA:10,3
DA:11,3
DA:12,3
DA:15,2
DA:16,2
DA:17,2
DA:18,2
DA:19,2
LF:9
LH:9
end_of_record
SF:lib/src/core/service/json_converter/json_to_model_converter.dart
DA:7,1
DA:11,1
DA:12,1
DA:13,2
DA:14,0
DA:16,2
DA:17,1
DA:19,1
LF:8
LH:7
end_of_record
SF:lib/src/core/service/json_converter/json_exceptions.dart
DA:2,0
DA:7,0
LF:2
LH:0
end_of_record
SF:lib/src/core/service/json_converter/json_model_type_parser.dart
DA:11,1
DA:12,2
DA:14,2
DA:19,1
DA:20,1
DA:21,1
DA:23,0
DA:27,1
DA:30,1
DA:31,2
DA:32,3
DA:33,1
LF:12
LH:11
end_of_record
SF:lib/src/data/data_sources/user/user_data_source.dart
DA:13,1
DA:17,1
DA:19,2
DA:21,1
DA:22,1
DA:25,0
LF:6
LH:5
end_of_record
SF:lib/src/data/repositories/user/user_repository_impl.dart
DA:13,1
DA:17,1
DA:20,2
DA:23,1
DA:24,2
DA:25,1
DA:26,1
DA:27,1
DA:30,1
DA:32,1
DA:33,0
DA:34,0
DA:35,0
DA:37,0
DA:38,0
LF:15
LH:10
end_of_record
SF:lib/src/core/service/exception/api_exception/api_exception.dart
DA:13,0
DA:14,0
LF:2
LH:0
end_of_record
SF:lib/src/core/service/exception/api_exception/api_exception.g.dart
DA:9,0
DA:10,0
DA:11,0
DA:12,0
DA:15,0
DA:16,0
DA:17,0
DA:18,0
LF:8
LH:0
end_of_record
SF:lib/src/core/service/failure/failure.dart
DA:2,0
DA:6,0
LF:2
LH:0
end_of_record
SF:lib/src/domain/use_cases/user/get_users_usecase.dart
DA:10,1
DA:13,1
DA:15,2
LF:3
LH:3
end_of_record
SF:lib/src/presentation/cubits/user_list/users_state.dart
DA:11,2
DA:13,2
DA:15,1
DA:18,1
DA:23,2
LF:5
LH:5
end_of_record
SF:lib/src/presentation/cubits/user_list/users_cubit.dart
DA:14,1
DA:16,2
DA:19,1
DA:20,2
DA:22,2
DA:23,1
DA:24,1
DA:25,1
DA:26,3
DA:29,1
DA:30,1
DA:31,1
LF:12
LH:12
end_of_record
